#
# A fatal error has been detected by the Java Runtime Environment:
#
#  EXCEPTION_ACCESS_VIOLATION (0xc0000005) at pc=0xffffffffa3cd5120, pid=18576, tid=0x0000000000005364
#
# JRE version: Java(TM) SE Runtime Environment (8.0_171-b11) (build 1.8.0_171-b11)
# Java VM: Java HotSpot(TM) 64-Bit Server VM (25.171-b11 mixed mode windows-amd64 compressed oops)
# Problematic frame:
# C  0xffffffffa3cd5120
#
# Failed to write core dump. Minidumps are not enabled by default on client versions of Windows
#
# If you would like to submit a bug report, please visit:
#   http://bugreport.java.com/bugreport/crash.jsp
#

---------------  T H R E A D  ---------------

Current thread (0x0000000002bce000):  JavaThread "main" [_thread_in_Java, id=21348, stack(0x0000000002a30000,0x0000000002b30000)]

siginfo: ExceptionCode=0xc0000005, ExceptionInformation=0x0000000000000008 0xffffffffa3cd5120

Registers:
RAX=0x0000000014eb6e68, RBX=0x0000000014eb6e68, RCX=0x00000000ebc57320, RDX=0x00000000ebc57320
RSP=0x0000000002b2e938, RBP=0x0000000002b2e998, RSI=0x00000000eb3965d8, RDI=0x0000000000000012
R8 =0x0000000000000000, R9 =0x00000000ebbc9cf0, R10=0x000000006fba2250, R11=0x0000000002fe3da0
R12=0x0000000000000000, R13=0x0000000002b2e948, R14=0x000000010009dc28, R15=0x0000000002bce000
RIP=0xffffffffa3cd5120, EFLAGS=0x0000000000010202

Top of Stack: (sp=0x0000000002b2e938)
0x0000000002b2e938:   0000000002cd78b5 0000000002cd78b5
0x0000000002b2e948:   0000000000000000 00000000ebc57320
0x0000000002b2e958:   0000000002b2e958 0000000014da5448
0x0000000002b2e968:   0000000002b2e9b0 0000000014da5510
0x0000000002b2e978:   00000000150de540 0000000014da5468
0x0000000002b2e988:   0000000002b2e948 0000000002b2e9c0
0x0000000002b2e998:   0000000002b2f0a0 0000000002fde144
0x0000000002b2e9a8:   0000000000000000 00000000eb3965d8
0x0000000002b2e9b8:   0000000002fde144 00000000000000d8
0x0000000002b2e9c8:   000000001511aee0 0000000002bce460
0x0000000002b2e9d8:   0000000002bce000 00000000eb3965d8
0x0000000002b2e9e8:   0000000000000000 0000000002b2f0a0
0x0000000002b2e9f8:   0000000003016514 0000000002b2eb80
0x0000000002b2ea08:   000000006f6d35d2 0000000002b2eb38
0x0000000002b2ea18:   000000006f6d3500 00000000eb3964b0
0x0000000002b2ea28:   00000000eb3965f0 0000000002b2ea30 

Instructions: (pc=0xffffffffa3cd5120)
0xffffffffa3cd5100:   
[error occurred during error reporting (printing registers, top of stack, instructions near pc), id 0xc0000005]

Register to memory mapping:

RAX={method} {0x0000000014eb6e70} 'test' '(Ljava/lang/Object;)Z' in 'org/apache/tools/ant/property/ParseProperties$$Lambda$17'
RBX={method} {0x0000000014eb6e70} 'test' '(Ljava/lang/Object;)Z' in 'org/apache/tools/ant/property/ParseProperties$$Lambda$17'
RCX=0x00000000ebc57320 is an oop
org.apache.tools.ant.property.ParseProperties$$Lambda$17/2114664380 
 - klass: 'org/apache/tools/ant/property/ParseProperties$$Lambda$17'
RDX=0x00000000ebc57320 is an oop
org.apache.tools.ant.property.ParseProperties$$Lambda$17/2114664380 
 - klass: 'org/apache/tools/ant/property/ParseProperties$$Lambda$17'
RSP=0x0000000002b2e938 is pointing into the stack for thread: 0x0000000002bce000
RBP=0x0000000002b2e998 is pointing into the stack for thread: 0x0000000002bce000
RSI=0x00000000eb3965d8 is an oop
java.util.stream.ReferencePipeline$2$1 
 - klass: 'java/util/stream/ReferencePipeline$2$1'
RDI=0x0000000000000012 is an unknown value
R8 =0x0000000000000000 is an unknown value
R9 =0x00000000ebbc9cf0 is an oop
[C 
 - klass: {type array char}
 - length: 18
R10=0x000000006fba2250 is an unknown value
R11=0x0000000002fe3da0 is at entry_point+32 in (nmethod*)0x0000000002fe3c10
R12=0x0000000000000000 is an unknown value
R13=0x0000000002b2e948 is pointing into the stack for thread: 0x0000000002bce000
R14=0x000000010009dc28 is pointing into metadata
R15=0x0000000002bce000 is a thread


Stack: [0x0000000002a30000,0x0000000002b30000],  sp=0x0000000002b2e938,  free space=1018k
Native frames: (J=compiled Java code, j=interpreted, Vv=VM code, C=native code)
C  0xffffffffa3cd5120


---------------  P R O C E S S  ---------------

Java Threads: ( => current thread )
  0x00000000153fd000 JavaThread "Service Thread" daemon [_thread_blocked, id=20368, stack(0x00000000170e0000,0x00000000171e0000)]
  0x00000000153a6800 JavaThread "C1 CompilerThread2" daemon [_thread_blocked, id=1840, stack(0x0000000016be0000,0x0000000016ce0000)]
  0x00000000153a2800 JavaThread "C2 CompilerThread1" daemon [_thread_blocked, id=16832, stack(0x0000000016ae0000,0x0000000016be0000)]
  0x00000000153a1000 JavaThread "C2 CompilerThread0" daemon [_thread_blocked, id=16400, stack(0x00000000169e0000,0x0000000016ae0000)]
  0x000000001539f000 JavaThread "Attach Listener" daemon [_thread_blocked, id=19896, stack(0x00000000168e0000,0x00000000169e0000)]
  0x000000001539c000 JavaThread "Signal Dispatcher" daemon [_thread_blocked, id=20064, stack(0x00000000167e0000,0x00000000168e0000)]
  0x000000001538a800 JavaThread "Finalizer" daemon [_thread_blocked, id=15040, stack(0x00000000165f0000,0x00000000166f0000)]
  0x0000000002cc2800 JavaThread "Reference Handler" daemon [_thread_blocked, id=17428, stack(0x00000000164f0000,0x00000000165f0000)]
=>0x0000000002bce000 JavaThread "main" [_thread_in_Java, id=21348, stack(0x0000000002a30000,0x0000000002b30000)]

Other Threads:
  0x0000000015368800 VMThread [stack: 0x00000000163f0000,0x00000000164f0000] [id=1796]
  0x00000000153fd800 WatcherThread [stack: 0x00000000171e0000,0x00000000172e0000] [id=21040]

VM state:not at safepoint (normal execution)

VM Mutex/Monitor currently owned by a thread: None

Heap:
 PSYoungGen      total 18944K, used 11497K [0x00000000eab00000, 0x00000000ec000000, 0x0000000100000000)
  eden space 16384K, 54% used [0x00000000eab00000,0x00000000eb3bafd8,0x00000000ebb00000)
  from space 2560K, 99% used [0x00000000ebb00000,0x00000000ebd7f710,0x00000000ebd80000)
  to   space 2560K, 0% used [0x00000000ebd80000,0x00000000ebd80000,0x00000000ec000000)
 ParOldGen       total 44032K, used 156K [0x00000000c0000000, 0x00000000c2b00000, 0x00000000eab00000)
  object space 44032K, 0% used [0x00000000c0000000,0x00000000c0027020,0x00000000c2b00000)
 Metaspace       used 8105K, capacity 8390K, committed 8448K, reserved 1056768K
  class space    used 898K, capacity 987K, committed 1024K, reserved 1048576K

Card table byte_map: [0x0000000012090000,0x00000000122a0000] byte_map_base: 0x0000000011a90000

Marking Bits: (ParMarkBitMap*) 0x000000006fbc08c0
 Begin Bits: [0x0000000012800000, 0x0000000013800000)
 End Bits:   [0x0000000013800000, 0x0000000014800000)

Polling page: 0x0000000002970000

CodeCache: size=245760Kb used=3386Kb max_used=3392Kb free=242373Kb
 bounds [0x0000000002cd0000, 0x0000000003030000, 0x0000000011cd0000]
 total_blobs=1287 nmethods=960 adapters=242
 compilation: enabled

Compilation events (10 events):
Event: 0.875 Thread 0x00000000153a1000 nmethod 944 0x0000000003001310 code [0x0000000003001440, 0x00000000030014d8]
Event: 0.875 Thread 0x00000000153a6800 nmethod 956 0x000000000301e890 code [0x000000000301eb60, 0x0000000003020208]
Event: 0.875 Thread 0x00000000153a6800  960       3       java.util.stream.ReferencePipeline$2$1::accept (27 bytes)
Event: 0.875 Thread 0x00000000153a6800 nmethod 960 0x000000000301b550 code [0x000000000301b6c0, 0x000000000301b9f8]
Event: 0.875 Thread 0x00000000153a6800  958       3       java.util.AbstractSet::<init> (5 bytes)
Event: 0.875 Thread 0x00000000153a6800 nmethod 958 0x000000000301b110 code [0x000000000301b280, 0x000000000301b490]
Event: 0.875 Thread 0x00000000153a6800  959  s    3       org.apache.tools.ant.PropertyHelper::getPropertyHelper (48 bytes)
Event: 0.876 Thread 0x00000000153a6800 nmethod 959 0x000000000301a610 code [0x000000000301a7c0, 0x000000000301ae48]
Event: 0.876 Thread 0x00000000153a6800  957       3       org.apache.tools.ant.ProjectComponent::setLocation (6 bytes)
Event: 0.876 Thread 0x00000000153a6800 nmethod 957 0x000000000301e550 code [0x000000000301e6a0, 0x000000000301e810]

GC Heap History (2 events):
Event: 0.687 GC heap before
{Heap before GC invocations=1 (full 0):
 PSYoungGen      total 18944K, used 16384K [0x00000000eab00000, 0x00000000ec000000, 0x0000000100000000)
  eden space 16384K, 100% used [0x00000000eab00000,0x00000000ebb00000,0x00000000ebb00000)
  from space 2560K, 0% used [0x00000000ebd80000,0x00000000ebd80000,0x00000000ec000000)
  to   space 2560K, 0% used [0x00000000ebb00000,0x00000000ebb00000,0x00000000ebd80000)
 ParOldGen       total 44032K, used 0K [0x00000000c0000000, 0x00000000c2b00000, 0x00000000eab00000)
  object space 44032K, 0% used [0x00000000c0000000,0x00000000c0000000,0x00000000c2b00000)
 Metaspace       used 7605K, capacity 7894K, committed 8192K, reserved 1056768K
  class space    used 849K, capacity 945K, committed 1024K, reserved 1048576K
Event: 0.694 GC heap after
Heap after GC invocations=1 (full 0):
 PSYoungGen      total 18944K, used 2557K [0x00000000eab00000, 0x00000000ec000000, 0x0000000100000000)
  eden space 16384K, 0% used [0x00000000eab00000,0x00000000eab00000,0x00000000ebb00000)
  from space 2560K, 99% used [0x00000000ebb00000,0x00000000ebd7f710,0x00000000ebd80000)
  to   space 2560K, 0% used [0x00000000ebd80000,0x00000000ebd80000,0x00000000ec000000)
 ParOldGen       total 44032K, used 156K [0x00000000c0000000, 0x00000000c2b00000, 0x00000000eab00000)
  object space 44032K, 0% used [0x00000000c0000000,0x00000000c0027020,0x00000000c2b00000)
 Metaspace       used 7605K, capacity 7894K, committed 8192K, reserved 1056768K
  class space    used 849K, capacity 945K, committed 1024K, reserved 1048576K
}

Deoptimization events (7 events):
Event: 0.336 Thread 0x0000000002bce000 Uncommon trap: reason=unstable_if action=reinterpret pc=0x0000000002e816cc method=java.lang.String.indexOf([CII[CIII)I @ 134
Event: 0.370 Thread 0x0000000002bce000 Uncommon trap: reason=unstable_if action=reinterpret pc=0x0000000002e512cc method=java.lang.String.replace(CC)Ljava/lang/String; @ 2
Event: 0.498 Thread 0x0000000002bce000 Uncommon trap: reason=unstable_if action=reinterpret pc=0x0000000002ed581c method=java.util.HashMap.getNode(ILjava/lang/Object;)Ljava/util/HashMap$Node; @ 116
Event: 0.527 Thread 0x0000000002bce000 Uncommon trap: reason=unstable_if action=reinterpret pc=0x0000000002ed8aac method=java.util.HashMap.getNode(ILjava/lang/Object;)Ljava/util/HashMap$Node; @ 116
Event: 0.605 Thread 0x0000000002bce000 Uncommon trap: reason=unstable_if action=reinterpret pc=0x0000000002ed7d30 method=java.lang.String.indexOf([CII[CIII)I @ 3
Event: 0.865 Thread 0x0000000002bce000 Uncommon trap: reason=unstable_if action=reinterpret pc=0x0000000003013fd4 method=org.apache.tools.ant.PropertyHelper.lambda$static$0(Ljava/lang/String;Ljava/text/ParsePosition;Lorg/apache/tools/ant/property/ParseNextProperty;)Ljava/lang/String; @ 22
Event: 0.874 Thread 0x0000000002bce000 Uncommon trap: reason=unstable_if action=reinterpret pc=0x000000000301a0cc method=java.util.Objects.nonNull(Ljava/lang/Object;)Z @ 1

Classes redefined (0 events):
No events

Internal exceptions (10 events):
Event: 0.051 Thread 0x0000000002bce000 Exception <a 'java/lang/NoSuchMethodError': Method sun.misc.Unsafe.defineClass(Ljava/lang/String;[BII)Ljava/lang/Class; name or signature does not match> (0x00000000eab07cb0) thrown at [C:\re\workspace\8-2-build-windows-amd64-cygwin\jdk8u171\10807\hotspot
Event: 0.051 Thread 0x0000000002bce000 Exception <a 'java/lang/NoSuchMethodError': Method sun.misc.Unsafe.prefetchRead(Ljava/lang/Object;J)V name or signature does not match> (0x00000000eab07f98) thrown at [C:\re\workspace\8-2-build-windows-amd64-cygwin\jdk8u171\10807\hotspot\src\share\vm\prim
Event: 0.142 Thread 0x0000000002bce000 Exception <a 'java/security/PrivilegedActionException'> (0x00000000eab9d478) thrown at [C:\re\workspace\8-2-build-windows-amd64-cygwin\jdk8u171\10807\hotspot\src\share\vm\prims\jvm.cpp, line 1435]
Event: 0.142 Thread 0x0000000002bce000 Exception <a 'java/security/PrivilegedActionException'> (0x00000000eab9d688) thrown at [C:\re\workspace\8-2-build-windows-amd64-cygwin\jdk8u171\10807\hotspot\src\share\vm\prims\jvm.cpp, line 1435]
Event: 0.142 Thread 0x0000000002bce000 Exception <a 'java/security/PrivilegedActionException'> (0x00000000eaba10d0) thrown at [C:\re\workspace\8-2-build-windows-amd64-cygwin\jdk8u171\10807\hotspot\src\share\vm\prims\jvm.cpp, line 1435]
Event: 0.143 Thread 0x0000000002bce000 Exception <a 'java/security/PrivilegedActionException'> (0x00000000eaba12e0) thrown at [C:\re\workspace\8-2-build-windows-amd64-cygwin\jdk8u171\10807\hotspot\src\share\vm\prims\jvm.cpp, line 1435]
Event: 0.192 Thread 0x0000000002bce000 Exception <a 'java/lang/NoSuchFieldError': method resolution failed> (0x00000000eacc6ed8) thrown at [C:\re\workspace\8-2-build-windows-amd64-cygwin\jdk8u171\10807\hotspot\src\share\vm\prims\methodHandles.cpp, line 1167]
Event: 0.194 Thread 0x0000000002bce000 Exception <a 'java/lang/NoSuchFieldError': method resolution failed> (0x00000000eacd42d8) thrown at [C:\re\workspace\8-2-build-windows-amd64-cygwin\jdk8u171\10807\hotspot\src\share\vm\prims\methodHandles.cpp, line 1167]
Event: 0.352 Thread 0x0000000002bce000 Exception <a 'java/lang/IncompatibleClassChangeError': Found class java.lang.Object, but interface was expected> (0x00000000eb125950) thrown at [C:\re\workspace\8-2-build-windows-amd64-cygwin\jdk8u171\10807\hotspot\src\share\vm\interpreter\linkResolver.cp
Event: 0.592 Thread 0x0000000002bce000 Exception <a 'java/lang/NoSuchMethodError': java.lang.Object.lambda$andThen$1(Ljava/util/function/Function;Ljava/lang/Object;)Ljava/lang/Object;> (0x00000000eb9416e8) thrown at [C:\re\workspace\8-2-build-windows-amd64-cygwin\jdk8u171\10807\hotspot\src\sha

Events (10 events):
Event: 0.870 loading class org/apache/tools/ant/taskdefs/Property done
Event: 0.871 loading class org/apache/tools/ant/DemuxOutputStream$BufferInfo
Event: 0.871 loading class org/apache/tools/ant/DemuxOutputStream$BufferInfo done
Event: 0.871 loading class org/apache/tools/ant/DemuxOutputStream$BufferInfo
Event: 0.871 loading class org/apache/tools/ant/DemuxOutputStream$BufferInfo done
Event: 0.873 loading class org/apache/tools/ant/DemuxOutputStream$BufferInfo
Event: 0.873 loading class org/apache/tools/ant/DemuxOutputStream$BufferInfo done
Event: 0.874 Thread 0x0000000002bce000 Uncommon trap: trap_request=0xffffff65 fr.pc=0x000000000301a0cc
Event: 0.874 Thread 0x0000000002bce000 DEOPT PACKING pc=0x000000000301a0cc sp=0x0000000002b2e980
Event: 0.874 Thread 0x0000000002bce000 DEOPT UNPACKING pc=0x0000000002d1557b sp=0x0000000002b2e870 mode 2


Dynamic libraries:
0x00007ff6f18d0000 - 0x00007ff6f1907000 	C:\Program Files\Java\jdk-8\bin\java.exe
0x00007ff848ca0000 - 0x00007ff848e81000 	C:\WINDOWS\SYSTEM32\ntdll.dll
0x00007ff846fe0000 - 0x00007ff847091000 	C:\WINDOWS\System32\KERNEL32.DLL
0x00007ff845a20000 - 0x00007ff845c93000 	C:\WINDOWS\System32\KERNELBASE.dll
0x00007ff846820000 - 0x00007ff8468c1000 	C:\WINDOWS\System32\ADVAPI32.dll
0x00007ff846e60000 - 0x00007ff846efe000 	C:\WINDOWS\System32\msvcrt.dll
0x00007ff846e00000 - 0x00007ff846e5b000 	C:\WINDOWS\System32\sechost.dll
0x00007ff848730000 - 0x00007ff848854000 	C:\WINDOWS\System32\RPCRT4.dll
0x00007ff846930000 - 0x00007ff846ac0000 	C:\WINDOWS\System32\USER32.dll
0x00007ff845e90000 - 0x00007ff845eb0000 	C:\WINDOWS\System32\win32u.dll
0x00007ff848860000 - 0x00007ff848888000 	C:\WINDOWS\System32\GDI32.dll
0x00007ff845cf0000 - 0x00007ff845e82000 	C:\WINDOWS\System32\gdi32full.dll
0x00007ff845eb0000 - 0x00007ff845f4f000 	C:\WINDOWS\System32\msvcp_win.dll
0x00007ff845f50000 - 0x00007ff846048000 	C:\WINDOWS\System32\ucrtbase.dll
0x00007ff83b130000 - 0x00007ff83b399000 	C:\WINDOWS\WinSxS\amd64_microsoft.windows.common-controls_6595b64144ccf1df_6.0.17134.706_none_fb43a2cb30647007\COMCTL32.dll
0x00007ff846ad0000 - 0x00007ff846df2000 	C:\WINDOWS\System32\combase.dll
0x00007ff8459a0000 - 0x00007ff845a1a000 	C:\WINDOWS\System32\bcryptPrimitives.dll
0x00007ff8462a0000 - 0x00007ff8462cd000 	C:\WINDOWS\System32\IMM32.DLL
0x0000000070500000 - 0x00000000705d2000 	C:\Program Files\Java\jdk-8\jre\bin\msvcr100.dll
0x000000006f3a0000 - 0x000000006fc40000 	C:\Program Files\Java\jdk-8\jre\bin\server\jvm.dll
0x00007ff846ac0000 - 0x00007ff846ac8000 	C:\WINDOWS\System32\PSAPI.DLL
0x00007ff832da0000 - 0x00007ff832da9000 	C:\WINDOWS\SYSTEM32\WSOCK32.dll
0x00007ff842830000 - 0x00007ff842853000 	C:\WINDOWS\SYSTEM32\WINMM.dll
0x00007ff848bd0000 - 0x00007ff848c3c000 	C:\WINDOWS\System32\WS2_32.dll
0x00007ff83efe0000 - 0x00007ff83efea000 	C:\WINDOWS\SYSTEM32\VERSION.dll
0x00007ff842710000 - 0x00007ff84273a000 	C:\WINDOWS\SYSTEM32\WINMMBASE.dll
0x00007ff845ca0000 - 0x00007ff845ce9000 	C:\WINDOWS\System32\cfgmgr32.dll
0x00000000704f0000 - 0x00000000704ff000 	C:\Program Files\Java\jdk-8\jre\bin\verify.dll
0x00000000704c0000 - 0x00000000704e9000 	C:\Program Files\Java\jdk-8\jre\bin\java.dll
0x00000000704a0000 - 0x00000000704b6000 	C:\Program Files\Java\jdk-8\jre\bin\zip.dll
0x00007ff847150000 - 0x00007ff848590000 	C:\WINDOWS\System32\SHELL32.dll
0x00007ff8470a0000 - 0x00007ff847149000 	C:\WINDOWS\System32\shcore.dll
0x00007ff8450a0000 - 0x00007ff8457ad000 	C:\WINDOWS\System32\windows.storage.dll
0x00007ff8462f0000 - 0x00007ff846341000 	C:\WINDOWS\System32\shlwapi.dll
0x00007ff844fb0000 - 0x00007ff844fc1000 	C:\WINDOWS\System32\kernel.appcore.dll
0x00007ff844fd0000 - 0x00007ff844fef000 	C:\WINDOWS\System32\profapi.dll
0x00007ff844ff0000 - 0x00007ff84503c000 	C:\WINDOWS\System32\powrprof.dll
0x00007ff844f80000 - 0x00007ff844f8a000 	C:\WINDOWS\System32\FLTLIB.DLL
0x0000000070480000 - 0x000000007049a000 	C:\Program Files\Java\jdk-8\jre\bin\net.dll
0x00007ff844440000 - 0x00007ff8444a6000 	C:\WINDOWS\system32\mswsock.dll
0x0000000070460000 - 0x0000000070471000 	C:\Program Files\Java\jdk-8\jre\bin\nio.dll
0x00007ff844af0000 - 0x00007ff844cb9000 	C:\WINDOWS\SYSTEM32\dbghelp.dll

VM Arguments:
jvm_args: -Dant.home=D:\LatestSeleniumSoftwares\apache-ant-1.10.5-bin\apache-ant-1.10.5 
java_command: org.apache.tools.ant.launch.Launcher compile
java_class_path (initial): D:\LatestSeleniumSoftwares\apache-ant-1.10.5-bin\apache-ant-1.10.5\lib\ant-launcher.jar
Launcher Type: SUN_STANDARD

Environment Variables:
JAVA_HOME=C:\Program Files\Java\jdk-8
PATH="C:\Windows\System32;C:\Program Files\Java\jdk-8\bin";C:\Program Files\Java\jdk-8\bin;C:\WINDOWS\system32;C:\WINDOWS;C:\WINDOWS\System32\Wbem;C:\WINDOWS\System32\WindowsPowerShell\v1.0\;C:\WINDOWS\System32\OpenSSH\;C:\Program Files\Microsoft VS Code\bin;D:\wamp64\bin\php\php7.1.9;C:\ProgramData\ComposerSetup\bin;D:\LatestSeleniumSoftwares\apache-maven-3.6.0-bin\apache-maven-3.6.0\bin;C:\Program Files\Git\cmd;D:\LatestSeleniumSoftwares\apache-ant-1.10.5-bin\apache-ant-1.10.5\bin;D:\wamp64\bin\php\php7.1.9;C:\Users\TB-DB\AppData\Roaming\Composer\vendor\bin;
USERNAME=TB-DB
OS=Windows_NT
PROCESSOR_IDENTIFIER=Intel64 Family 6 Model 15 Stepping 11, GenuineIntel



---------------  S Y S T E M  ---------------

OS: Windows 10.0 , 64 bit Build 17134 (10.0.17134.706)

CPU:total 4 (initial active 4) (4 cores per cpu, 1 threads per core) family 6 model 15 stepping 11, cmov, cx8, fxsr, mmx, sse, sse2, sse3, ssse3, tsc

Memory: 4k page, physical 4192568k(1014292k free), swap 9370844k(1682092k free)

vm_info: Java HotSpot(TM) 64-Bit Server VM (25.171-b11) for windows-amd64 JRE (1.8.0_171-b11), built on Mar 28 2018 16:06:12 by "java_re" with MS VC++ 10.0 (VS2010)

time: Fri May 03 18:01:22 2019
elapsed time: 0 seconds (0d 0h 0m 0s)

